<?xml version="1.0" encoding="UTF-8"?>
<!-- Generated by org.testng.reporters.JUnitXMLReporter -->
<testsuite hostname="ZL-MU-MT-MAC139.local" ignored="0" name="Android_SampleTest" tests="1" failures="1" timestamp="2020-12-10T20:06:19 IST" time="16.902" errors="0">
  <testcase name="AndroidAppMixPanelLogin" time="0.013" classname="com.zee5.ApplicasterScripts.Android_SampleTest">
    <failure type="java.lang.AssertionError" message="Launch time fail expected [true] but found [false]">
      <![CDATA[java.lang.AssertionError: Launch time fail expected [true] but found [false]
at com.utility.Utilities.verifyInvokationTime(Utilities.java:243)
at com.business.zee.Zee5ApplicasterBusinessLogic.verifyAppLaunchTime(Zee5ApplicasterBusinessLogic.java:200)
at com.zee5.ApplicasterScripts.Android_SampleTest.AndroidAppMixPanelLogin(Android_SampleTest.java:25)
at java.util.ArrayList.forEach(ArrayList.java:1257)
... Removed 30 stack frames]]>
    </failure>
  </testcase> <!-- AndroidAppMixPanelLogin -->
</testsuite> <!-- Android_SampleTest -->
